[2026-01-04 14:18:49] 💾 로컬 저장소에 새로운 데이터 커밋 완료.
[2026-01-04 14:18:52] ☁️ GitHub로 데이터 업로드(동기화) 완료.
[2026-01-04 18:03:01] 💾 커밋 완료: System Logs Archived
[2026-01-04 18:03:04] ☁️ 업로드 완료.
[2026-01-05 00:03:01] 💾 커밋 완료: System Logs Archived
[2026-01-05 00:03:03] ☁️ 업로드 완료.
[2026-01-05 06:03:01] 💾 커밋 완료: System Logs Archived
[2026-01-05 06:03:03] ☁️ 업로드 완료.
[2026-01-05 12:03:01] 💾 커밋 완료: System Logs Archived
[2026-01-05 12:03:03] ☁️ 업로드 완료.
[2026-01-05 18:03:01] 💾 커밋 완료: System Logs Archived
[2026-01-05 18:03:04] ☁️ 업로드 완료.
[2026-01-06 00:03:01] 💾 커밋 완료: System Logs Archived
[2026-01-06 00:03:04] ☁️ 업로드 완료.
[2026-01-06 06:03:01] 💾 커밋 완료: System Logs Archived
[2026-01-06 06:03:04] ☁️ 업로드 완료.
[2026-01-06 12:03:01] 💾 커밋 완료: System Logs Archived
[2026-01-06 12:03:03] ☁️ 업로드 완료.
[2026-01-06 18:03:01] 💾 커밋 완료: System Logs Archived
[2026-01-06 18:03:03] ☁️ 업로드 완료.
[2026-01-07 00:03:01] 💾 커밋 완료: System Logs Archived
[2026-01-07 00:03:03] ☁️ 업로드 완료.
[2026-01-07 06:03:01] 💾 커밋 완료: System Logs Archived
[2026-01-07 06:03:04] ☁️ 업로드 완료.
[2026-01-07 12:03:01] 💾 커밋 완료: System Logs Archived
[2026-01-07 12:03:03] ☁️ 업로드 완료.
[2026-01-07 18:03:01] 💾 커밋 완료: User Data & System Logs
[2026-01-07 18:03:04] ☁️ 업로드 완료.
[2026-01-08 00:03:01] 💾 커밋 완료: System Logs Archived
[2026-01-08 00:03:03] ☁️ 업로드 완료.
[2026-01-08 06:03:01] 💾 커밋 완료: System Logs Archived
[2026-01-08 06:03:04] ☁️ 업로드 완료.
[2026-01-08 12:03:01] 💾 커밋 완료: System Logs Archived
[2026-01-08 12:03:04] ☁️ 업로드 완료.
[2026-01-08 18:03:01] 💾 커밋 완료: System Logs Archived
[2026-01-08 18:03:03] ☁️ 업로드 완료.
[2026-01-09 00:03:01] 💾 커밋 완료: System Logs Archived
[2026-01-09 00:03:03] ☁️ 업로드 완료.
[2026-01-09 06:03:01] 💾 커밋 완료: System Logs Archived
[2026-01-09 06:03:04] ☁️ 업로드 완료.
[2026-01-09 12:03:01] 💾 커밋 완료: System Logs Archived
[2026-01-09 12:03:03] ☁️ 업로드 완료.
[2026-01-09 18:03:01] 💾 커밋 완료: System Logs Archived
[2026-01-09 18:03:03] ☁️ 업로드 완료.
[2026-01-10 00:03:01] 💾 커밋 완료: System Logs Archived
[2026-01-10 00:03:04] ☁️ 업로드 완료.
[2026-01-10 06:03:01] 💾 커밋 완료: System Logs Archived
[2026-01-10 06:03:03] ☁️ 업로드 완료.
[2026-01-10 12:03:01] 💾 커밋 완료: System Logs Archived
[2026-01-10 12:03:03] ☁️ 업로드 완료.
[2026-01-10 18:03:01] 💾 커밋 완료: System Logs Archived
[2026-01-10 18:03:03] ☁️ 업로드 완료.
[2026-01-11 00:03:01] 💾 커밋 완료: System Logs Archived
[2026-01-11 00:03:03] ☁️ 업로드 완료.
[2026-01-11 06:03:01] 💾 커밋 완료: System Logs Archived
[2026-01-11 06:03:04] ☁️ 업로드 완료.
[2026-01-11 12:03:01] 💾 커밋 완료: System Logs Archived
[2026-01-11 12:03:03] ☁️ 업로드 완료.
[2026-01-11 18:03:01] 💾 커밋 완료: System Logs Archived
[2026-01-11 18:03:03] ☁️ 업로드 완료.
[2026-01-12 00:03:01] 💾 커밋 완료: System Logs Archived
[2026-01-12 00:03:04] ☁️ 업로드 완료.
[2026-01-12 06:03:01] 💾 커밋 완료: System Logs Archived
[2026-01-12 06:03:04] ☁️ 업로드 완료.
[2026-01-12 12:03:01] 💾 커밋 완료: System Logs Archived
[2026-01-12 12:03:04] ☁️ 업로드 완료.
[2026-01-12 18:03:01] 💾 커밋 완료: System Logs Archived
[2026-01-12 18:03:03] ☁️ 업로드 완료.
[2026-01-13 00:03:01] 💾 커밋 완료: System Logs Archived
[2026-01-13 00:03:04] ☁️ 업로드 완료.
[2026-01-13 06:03:01] 💾 커밋 완료: System Logs Archived
[2026-01-13 06:03:03] ☁️ 업로드 완료.
[2026-01-13 12:03:01] 💾 커밋 완료: System Logs Archived
[2026-01-13 12:03:04] ☁️ 업로드 완료.
[2026-01-13 18:03:01] 💾 커밋 완료: System Logs Archived
[2026-01-13 18:03:04] ☁️ 업로드 완료.
[2026-01-14 00:03:01] 💾 커밋 완료: System Logs Archived
[2026-01-14 00:03:04] ☁️ 업로드 완료.
[2026-01-14 06:03:01] 💾 커밋 완료: System Logs Archived
[2026-01-14 06:03:04] ☁️ 업로드 완료.
[2026-01-14 12:03:01] 💾 커밋 완료: System Logs Archived
[2026-01-14 12:03:03] ☁️ 업로드 완료.
[2026-01-14 18:03:01] 💾 커밋 완료: System Logs Archived
[2026-01-14 18:03:03] ☁️ 업로드 완료.
[2026-01-15 00:03:01] 💾 커밋 완료: System Logs Archived
[2026-01-15 00:03:03] ☁️ 업로드 완료.
[2026-01-15 06:03:01] 💾 커밋 완료: System Logs Archived
[2026-01-15 06:03:03] ☁️ 업로드 완료.
[2026-01-15 12:03:01] 💾 커밋 완료: System Logs Archived
[2026-01-15 12:03:03] ☁️ 업로드 완료.
[2026-01-15 18:03:01] 💾 커밋 완료: System Logs Archived
[2026-01-15 18:03:03] ☁️ 업로드 완료.
[2026-01-16 00:03:01] 💾 커밋 완료: System Logs Archived
[2026-01-16 00:03:03] ☁️ 업로드 완료.
[2026-01-16 06:03:01] 💾 커밋 완료: System Logs Archived
[2026-01-16 06:03:04] ☁️ 업로드 완료.
[2026-01-16 12:03:01] 💾 커밋 완료: System Logs Archived
[2026-01-16 12:03:03] ☁️ 업로드 완료.
[2026-01-16 18:03:01] 💾 커밋 완료: User Data & System Logs
[2026-01-16 18:03:04] ☁️ 업로드 완료.
[2026-01-17 00:03:01] 💾 커밋 완료: User Data & System Logs
[2026-01-17 00:03:04] ☁️ 업로드 완료.
[2026-01-17 06:03:01] 💾 커밋 완료: System Logs Archived
[2026-01-17 06:03:03] ☁️ 업로드 완료.
[2026-01-17 12:03:01] 💾 커밋 완료: System Logs Archived
[2026-01-17 12:03:03] ☁️ 업로드 완료.
[2026-01-17 18:03:01] 💾 커밋 완료: System Logs Archived
[2026-01-17 18:03:03] ☁️ 업로드 완료.
[2026-01-18 00:03:01] 💾 커밋 완료: System Logs Archived
[2026-01-18 00:03:04] ☁️ 업로드 완료.
[2026-01-18 06:03:01] 💾 커밋 완료: System Logs Archived
[2026-01-18 06:03:04] ☁️ 업로드 완료.
[2026-01-18 12:03:01] 💾 커밋 완료: System Logs Archived
[2026-01-18 12:03:03] ☁️ 업로드 완료.
[2026-01-18 18:03:01] 💾 커밋 완료: System Logs Archived
[2026-01-18 18:03:03] ☁️ 업로드 완료.
[2026-01-19 00:03:01] 💾 커밋 완료: System Logs Archived
[2026-01-19 00:03:04] ☁️ 업로드 완료.
[2026-01-19 06:03:01] 💾 커밋 완료: System Logs Archived
[2026-01-19 06:03:03] ☁️ 업로드 완료.
[2026-01-19 12:03:01] 💾 커밋 완료: System Logs Archived
[2026-01-19 12:03:03] ☁️ 업로드 완료.
[2026-01-19 18:03:01] 💾 커밋 완료: User Data & System Logs
[2026-01-19 18:03:03] ☁️ 업로드 완료.
[2026-01-20 00:03:01] 💾 커밋 완료: System Logs Archived
[2026-01-20 00:03:03] ☁️ 업로드 완료.
[2026-01-20 06:03:01] 💾 커밋 완료: System Logs Archived
[2026-01-20 06:03:03] ☁️ 업로드 완료.
[2026-01-20 12:03:01] 💾 커밋 완료: System Logs Archived
[2026-01-20 12:03:04] ☁️ 업로드 완료.
[2026-01-20 18:03:01] 💾 커밋 완료: User Data & System Logs
[2026-01-20 18:03:04] ☁️ 업로드 완료.
[2026-01-21 00:03:01] 💾 커밋 완료: System Logs Archived
[2026-01-21 00:03:03] ☁️ 업로드 완료.
[2026-01-21 06:03:01] 💾 커밋 완료: System Logs Archived
[2026-01-21 06:03:04] ☁️ 업로드 완료.
[2026-01-21 12:03:01] 💾 커밋 완료: System Logs Archived
[2026-01-21 12:03:04] ☁️ 업로드 완료.
[2026-01-21 18:03:01] 💾 커밋 완료: System Logs Archived
[2026-01-21 18:03:04] ☁️ 업로드 완료.
[2026-01-22 00:03:01] 💾 커밋 완료: System Logs Archived
[2026-01-22 00:03:03] ☁️ 업로드 완료.
[2026-01-22 06:03:01] 💾 커밋 완료: System Logs Archived
[2026-01-22 06:03:03] ☁️ 업로드 완료.
[2026-01-22 12:03:01] 💾 커밋 완료: System Logs Archived
[2026-01-22 12:03:03] ☁️ 업로드 완료.
[2026-01-22 18:03:01] 💾 커밋 완료: User Data & System Logs
[2026-01-22 18:03:04] ☁️ 업로드 완료.
[2026-01-23 00:03:01] 💾 커밋 완료: System Logs Archived
[2026-01-23 00:03:08] ☁️ 업로드 완료.
[2026-01-23 06:03:02] 💾 커밋 완료: System Logs Archived
[2026-01-23 06:03:04] ☁️ 업로드 완료.
[2026-01-23 12:03:01] 💾 커밋 완료: System Logs Archived
[2026-01-23 12:03:03] ☁️ 업로드 완료.
[2026-01-23 18:03:01] 💾 커밋 완료: User Data & System Logs
[2026-01-23 18:03:04] ☁️ 업로드 완료.
[2026-01-24 00:03:01] 💾 커밋 완료: System Logs Archived
[2026-01-24 00:03:03] ☁️ 업로드 완료.
[2026-01-24 06:03:01] 💾 커밋 완료: System Logs Archived
[2026-01-24 06:03:03] ☁️ 업로드 완료.
[2026-01-24 12:03:01] 💾 커밋 완료: System Logs Archived
[2026-01-24 12:03:03] ☁️ 업로드 완료.
[2026-01-24 18:03:01] 💾 커밋 완료: System Logs Archived
[2026-01-24 18:03:04] ☁️ 업로드 완료.
[2026-01-25 00:03:01] 💾 커밋 완료: System Logs Archived
[2026-01-25 00:03:03] ☁️ 업로드 완료.
[2026-01-25 06:03:01] 💾 커밋 완료: System Logs Archived
[2026-01-25 06:03:03] ☁️ 업로드 완료.
[2026-01-25 12:03:01] 💾 커밋 완료: System Logs Archived
[2026-01-25 12:03:04] ☁️ 업로드 완료.
[2026-01-25 18:03:01] 💾 커밋 완료: System Logs Archived
[2026-01-25 18:03:03] ☁️ 업로드 완료.
[2026-01-26 00:03:01] 💾 커밋 완료: System Logs Archived
[2026-01-26 00:03:04] ☁️ 업로드 완료.
[2026-01-26 06:03:01] 💾 커밋 완료: System Logs Archived
[2026-01-26 06:03:03] ☁️ 업로드 완료.
[2026-01-26 12:03:01] 💾 커밋 완료: System Logs Archived
[2026-01-26 12:03:04] ☁️ 업로드 완료.
[2026-01-26 18:03:01] 💾 커밋 완료: User Data & System Logs
[2026-01-26 18:03:04] ☁️ 업로드 완료.
[2026-01-27 00:03:01] 💾 커밋 완료: System Logs Archived
[2026-01-27 00:03:03] ☁️ 업로드 완료.
[2026-01-27 06:03:01] 💾 커밋 완료: System Logs Archived
[2026-01-27 06:03:04] ☁️ 업로드 완료.
[2026-01-27 12:03:01] 💾 커밋 완료: System Logs Archived
[2026-01-27 12:03:04] ☁️ 업로드 완료.
[2026-01-27 18:03:01] 💾 커밋 완료: System Logs Archived
[2026-01-27 18:03:03] ☁️ 업로드 완료.
[2026-01-28 00:03:01] 💾 커밋 완료: System Logs Archived
[2026-01-28 00:03:03] ☁️ 업로드 완료.
[2026-01-28 06:03:01] 💾 커밋 완료: System Logs Archived
[2026-01-28 06:03:04] ☁️ 업로드 완료.
[2026-01-28 12:03:01] 💾 커밋 완료: System Logs Archived
[2026-01-28 12:03:03] ☁️ 업로드 완료.
[2026-01-28 18:03:01] 💾 커밋 완료: System Logs Archived
[2026-01-28 18:03:03] ☁️ 업로드 완료.
[2026-01-29 00:03:01] 💾 커밋 완료: System Logs Archived
[2026-01-29 00:03:04] ☁️ 업로드 완료.
[2026-01-29 06:03:01] 💾 커밋 완료: System Logs Archived
[2026-01-29 06:03:03] ☁️ 업로드 완료.
[2026-01-29 12:03:01] 💾 커밋 완료: System Logs Archived
[2026-01-29 12:03:03] ☁️ 업로드 완료.
[2026-01-29 18:03:01] 💾 커밋 완료: System Logs Archived
[2026-01-29 18:03:08] ☁️ 업로드 완료.
[2026-01-30 00:03:01] 💾 커밋 완료: System Logs Archived
[2026-01-30 00:03:04] ☁️ 업로드 완료.
[2026-01-30 06:03:01] 💾 커밋 완료: System Logs Archived
[2026-01-30 06:03:03] ☁️ 업로드 완료.
[2026-01-30 12:03:01] 💾 커밋 완료: System Logs Archived
[2026-01-30 12:03:03] ☁️ 업로드 완료.
[2026-01-30 18:03:01] 💾 커밋 완료: System Logs Archived
[2026-01-30 18:03:04] ☁️ 업로드 완료.
[2026-01-31 00:03:01] 💾 커밋 완료: User Data & System Logs
[2026-01-31 00:03:03] ☁️ 업로드 완료.
[2026-01-31 06:03:01] 💾 커밋 완료: System Logs Archived
[2026-01-31 06:03:04] ☁️ 업로드 완료.
[2026-01-31 12:03:01] 💾 커밋 완료: System Logs Archived
[2026-01-31 12:03:03] ☁️ 업로드 완료.
[2026-01-31 18:03:01] 💾 커밋 완료: System Logs Archived
[2026-01-31 18:03:03] ☁️ 업로드 완료.
[2026-02-01 00:03:01] 💾 커밋 완료: System Logs Archived
[2026-02-01 00:03:08] ☁️ 업로드 완료.
[2026-02-01 06:03:01] 💾 커밋 완료: System Logs Archived
[2026-02-01 06:03:03] ☁️ 업로드 완료.
[2026-02-01 12:03:01] 💾 커밋 완료: System Logs Archived
[2026-02-01 12:03:04] ☁️ 업로드 완료.
[2026-02-01 18:03:01] 💾 커밋 완료: System Logs Archived
[2026-02-01 18:03:04] ☁️ 업로드 완료.
[2026-02-02 00:03:01] 💾 커밋 완료: System Logs Archived
[2026-02-02 00:03:03] ☁️ 업로드 완료.
[2026-02-02 06:03:01] 💾 커밋 완료: System Logs Archived
[2026-02-02 06:03:04] ☁️ 업로드 완료.
[2026-02-02 12:03:01] 💾 커밋 완료: System Logs Archived
[2026-02-02 12:03:03] ☁️ 업로드 완료.
[2026-02-02 18:03:01] 💾 커밋 완료: System Logs Archived
[2026-02-02 18:03:03] ☁️ 업로드 완료.
[2026-02-03 00:03:01] 💾 커밋 완료: System Logs Archived
[2026-02-03 00:03:04] ☁️ 업로드 완료.
[2026-02-03 06:03:01] 💾 커밋 완료: System Logs Archived
[2026-02-03 06:03:03] ☁️ 업로드 완료.
[2026-02-03 12:03:01] 💾 커밋 완료: System Logs Archived
[2026-02-03 12:03:03] ☁️ 업로드 완료.
[2026-02-03 18:03:01] 💾 커밋 완료: System Logs Archived
[2026-02-03 18:03:03] ☁️ 업로드 완료.
[2026-02-04 00:03:01] 💾 커밋 완료: System Logs Archived
[2026-02-04 00:03:03] ☁️ 업로드 완료.
[2026-02-04 06:03:01] 💾 커밋 완료: System Logs Archived
[2026-02-04 06:03:04] ☁️ 업로드 완료.
[2026-02-04 12:03:01] 💾 커밋 완료: System Logs Archived
[2026-02-04 12:03:03] ☁️ 업로드 완료.
[2026-02-04 18:03:01] 💾 커밋 완료: System Logs Archived
[2026-02-04 18:03:04] ☁️ 업로드 완료.
[2026-02-05 00:03:01] 💾 커밋 완료: System Logs Archived
[2026-02-05 00:03:03] ☁️ 업로드 완료.
[2026-02-05 06:03:01] 💾 커밋 완료: System Logs Archived
[2026-02-05 06:03:03] ☁️ 업로드 완료.
[2026-02-05 12:03:01] 💾 커밋 완료: System Logs Archived
[2026-02-05 12:03:04] ☁️ 업로드 완료.
[2026-02-05 18:03:01] 💾 커밋 완료: System Logs Archived
[2026-02-05 18:03:04] ☁️ 업로드 완료.
[2026-02-06 00:03:01] 💾 커밋 완료: System Logs Archived
[2026-02-06 00:03:04] ☁️ 업로드 완료.
[2026-02-06 06:03:01] 💾 커밋 완료: System Logs Archived
[2026-02-06 06:03:03] ☁️ 업로드 완료.
[2026-02-06 12:03:01] 💾 커밋 완료: System Logs Archived
[2026-02-06 12:03:03] ☁️ 업로드 완료.
[2026-02-06 18:03:01] 💾 커밋 완료: System Logs Archived
[2026-02-06 18:03:04] ☁️ 업로드 완료.
[2026-02-07 00:03:01] 💾 커밋 완료: System Logs Archived
[2026-02-07 00:03:04] ☁️ 업로드 완료.
[2026-02-07 06:03:01] 💾 커밋 완료: System Logs Archived
[2026-02-07 06:03:03] ☁️ 업로드 완료.
[2026-02-07 12:03:01] 💾 커밋 완료: System Logs Archived
[2026-02-07 12:03:03] ☁️ 업로드 완료.
[2026-02-07 18:03:01] 💾 커밋 완료: System Logs Archived
[2026-02-07 18:03:04] ☁️ 업로드 완료.
[2026-02-08 00:03:01] 💾 커밋 완료: System Logs Archived
[2026-02-08 00:03:04] ☁️ 업로드 완료.
[2026-02-08 06:03:01] 💾 커밋 완료: System Logs Archived
[2026-02-08 06:03:03] ☁️ 업로드 완료.
[2026-02-08 12:03:01] 💾 커밋 완료: System Logs Archived
[2026-02-08 12:03:03] ☁️ 업로드 완료.
[2026-02-08 18:03:01] 💾 커밋 완료: System Logs Archived
[2026-02-08 18:03:04] ☁️ 업로드 완료.
[2026-02-09 00:03:01] 💾 커밋 완료: System Logs Archived
[2026-02-09 00:03:03] ☁️ 업로드 완료.
[2026-02-09 06:03:01] 💾 커밋 완료: System Logs Archived
[2026-02-09 06:03:04] ☁️ 업로드 완료.
[2026-02-09 12:03:01] 💾 커밋 완료: System Logs Archived
[2026-02-09 12:03:03] ☁️ 업로드 완료.
