[2026-01-06 00:01:07] [INFO    ] [gateway.py:575] Shard ID None has successfully RESUMED session a4dacd5c86020012d80b04f307fab804.
[2026-01-06 02:42:34] [INFO    ] [gateway.py:575] Shard ID None has successfully RESUMED session a4dacd5c86020012d80b04f307fab804.
[2026-01-06 03:09:59] [INFO    ] [gateway.py:575] Shard ID None has successfully RESUMED session a4dacd5c86020012d80b04f307fab804.
[2026-01-06 05:44:35] [INFO    ] [gateway.py:575] Shard ID None has successfully RESUMED session a4dacd5c86020012d80b04f307fab804.
[2026-01-06 08:56:34] [INFO    ] [gateway.py:575] Shard ID None has successfully RESUMED session a4dacd5c86020012d80b04f307fab804.
[2026-01-06 09:26:47] [INFO    ] [gateway.py:575] Shard ID None has successfully RESUMED session a4dacd5c86020012d80b04f307fab804.
[2026-01-06 10:26:35] [INFO    ] [gateway.py:575] Shard ID None has successfully RESUMED session a4dacd5c86020012d80b04f307fab804.
[2026-01-06 11:27:30] [INFO    ] [gateway.py:575] Shard ID None has successfully RESUMED session a4dacd5c86020012d80b04f307fab804.
[2026-01-06 15:10:03] [INFO    ] [gateway.py:575] Shard ID None has successfully RESUMED session a4dacd5c86020012d80b04f307fab804.
[2026-01-06 15:48:38] [INFO    ] [voice_state.py:427] Connecting to voice...
[2026-01-06 15:48:38] [INFO    ] [voice_state.py:400] Starting voice handshake... (connection attempt 1)
[2026-01-06 15:48:38] [INFO    ] [voice_state.py:409] Voice handshake complete. Endpoint found: south-korea10051.discord.media:443
[2026-01-06 15:48:38] [INFO    ] [voice_state.py:433] Voice connection complete.
[2026-01-06 15:48:42] [INFO    ] [player.py:233] ffmpeg process 12012 successfully terminated with return code of 0.
[2026-01-06 15:48:45] [WARNING ] [http.py:735] We are being rate limited. PATCH https://discord.com/api/v10/channels/1408406064247865396/messages/1414552194077823028 responded with 429. Retrying in 0.30 seconds.
[2026-01-06 15:48:50] [WARNING ] [http.py:735] We are being rate limited. PATCH https://discord.com/api/v10/channels/1408406064247865396/messages/1414552194077823028 responded with 429. Retrying in 1.49 seconds.
[2026-01-06 15:51:17] [INFO    ] [player.py:233] ffmpeg process 12023 successfully terminated with return code of 0.
[2026-01-06 15:55:04] [INFO    ] [player.py:233] ffmpeg process 12055 successfully terminated with return code of 0.
[2026-01-06 16:25:18] [INFO    ] [gateway.py:575] Shard ID None has successfully RESUMED session a4dacd5c86020012d80b04f307fab804.
[2026-01-06 17:22:51] [INFO    ] [gateway.py:575] Shard ID None has successfully RESUMED session a4dacd5c86020012d80b04f307fab804.
[2026-01-06 17:49:54] [WARNING ] [http.py:735] We are being rate limited. PATCH https://discord.com/api/v10/channels/1408406064247865396/messages/1414552194077823028 responded with 429. Retrying in 0.92 seconds.
[2026-01-06 17:50:00] [WARNING ] [http.py:735] We are being rate limited. PATCH https://discord.com/api/v10/channels/1408406064247865396/messages/1414552194077823028 responded with 429. Retrying in 1.30 seconds.
[2026-01-06 17:52:22] [INFO    ] [player.py:233] ffmpeg process 12580 successfully terminated with return code of 0.
[2026-01-06 17:54:51] [INFO    ] [player.py:233] ffmpeg process 12608 successfully terminated with return code of 0.
[2026-01-06 17:54:53] [INFO    ] [player.py:229] ffmpeg process 12632 has not terminated. Waiting to terminate...
[2026-01-06 17:54:53] [INFO    ] [player.py:231] ffmpeg process 12632 should have terminated with a return code of -9.
[2026-01-06 17:54:57] [INFO    ] [player.py:233] ffmpeg process 12634 successfully terminated with return code of 0.
[2026-01-06 17:58:04] [INFO    ] [player.py:233] ffmpeg process 12654 successfully terminated with return code of 0.
[2026-01-06 18:01:31] [INFO    ] [player.py:233] ffmpeg process 12686 successfully terminated with return code of 0.
[2026-01-06 18:07:25] [INFO    ] [player.py:229] ffmpeg process 12723 has not terminated. Waiting to terminate...
[2026-01-06 18:07:25] [INFO    ] [player.py:231] ffmpeg process 12723 should have terminated with a return code of -9.
[2026-01-06 18:15:36] [INFO    ] [voice_state.py:566] The voice handshake is being terminated for Channel ID 1211579229456834580 (Guild ID 860135576224792617)
[2026-01-06 19:38:00] [INFO    ] [gateway.py:575] Shard ID None has successfully RESUMED session a4dacd5c86020012d80b04f307fab804.
[2026-01-06 23:16:42] [INFO    ] [voice_state.py:427] Connecting to voice...
[2026-01-06 23:16:42] [INFO    ] [voice_state.py:400] Starting voice handshake... (connection attempt 1)
[2026-01-06 23:16:43] [INFO    ] [voice_state.py:409] Voice handshake complete. Endpoint found: south-korea10193.discord.media:443
[2026-01-06 23:16:43] [INFO    ] [voice_state.py:433] Voice connection complete.
[2026-01-06 23:16:46] [INFO    ] [player.py:233] ffmpeg process 14226 successfully terminated with return code of 0.
[2026-01-06 23:20:07] [INFO    ] [player.py:233] ffmpeg process 14237 successfully terminated with return code of 0.
[2026-01-06 23:23:50] [INFO    ] [player.py:233] ffmpeg process 14269 successfully terminated with return code of 0.
[2026-01-06 23:28:30] [INFO    ] [gateway.py:575] Shard ID None has successfully RESUMED session a4dacd5c86020012d80b04f307fab804.
