[2025-12-20 14:08:51] 🔄 변경 사항 감지. 업데이트 프로세스 시작.
[2025-12-20 14:08:51] 💾 로컬 데이터 백업 완료.
[2025-12-20 14:08:51] ✅ 업데이트 및 재시작 완료.
[2025-12-20 14:55:04] 🔄 변경 사항 감지. 업데이트 프로세스 시작.
[2025-12-20 14:55:04] 💾 로컬 데이터 백업 완료.
[2025-12-20 14:55:04] ✅ 업데이트 및 재시작 완료.
[2025-12-20 15:00:03] 🔄 변경 사항 감지. 업데이트 프로세스 시작.
[2025-12-20 15:00:03] 💾 로컬 데이터 백업 완료.
[2025-12-20 15:00:03] ✅ 업데이트 및 재시작 완료.
[2025-12-20 18:15:04] 🔄 변경 사항 감지. 업데이트 프로세스 시작.
[2025-12-20 18:15:04] 💾 로컬 데이터 백업 완료.
[2025-12-20 18:15:04] ✅ 업데이트 및 재시작 완료.
[2026-01-30 17:25:04] 🔄 깃허브 변경 사항 감지. 업데이트 프로세스 시작.
[2026-01-30 17:25:04] 💾 로컬 데이터 백업 완료.
[2026-01-30 17:25:04] ✅ 깃허브 변경 사항 감지 완료.
[2026-01-31 04:03:03] 🔄 일일 정기 점검 (강제 실행). 업데이트 프로세스 시작.
[2026-01-31 04:03:03] 💾 로컬 데이터 백업 완료.
[2026-01-31 04:03:03] ✅ 일일 정기 점검 (강제 실행) 완료.
[2026-02-01 04:03:03] 🔄 일일 정기 점검 (강제 실행). 업데이트 프로세스 시작.
[2026-02-01 04:03:03] 💾 로컬 데이터 백업 완료.
[2026-02-01 04:03:03] ✅ 일일 정기 점검 (강제 실행) 완료.
[2026-02-02 04:03:04] 🔄 일일 정기 점검 (강제 실행). 업데이트 프로세스 시작.
[2026-02-02 04:03:04] 💾 로컬 데이터 백업 완료.
[2026-02-02 04:03:04] ✅ 일일 정기 점검 (강제 실행) 완료.
[2026-02-03 04:03:03] 🔄 일일 정기 점검 (강제 실행). 업데이트 프로세스 시작.
[2026-02-03 04:03:03] 💾 로컬 데이터 백업 완료.
[2026-02-03 04:03:03] ✅ 일일 정기 점검 (강제 실행) 완료.
[2026-02-04 04:03:03] 🔄 일일 정기 점검 (강제 실행). 업데이트 프로세스 시작.
[2026-02-04 04:03:03] 💾 로컬 데이터 백업 완료.
[2026-02-04 04:03:03] ✅ 일일 정기 점검 (강제 실행) 완료.
[2026-02-05 04:03:04] 🔄 일일 정기 점검 (강제 실행). 업데이트 프로세스 시작.
[2026-02-05 04:03:04] 💾 로컬 데이터 백업 완료.
[2026-02-05 04:03:04] ✅ 일일 정기 점검 (강제 실행) 완료.
[2026-02-06 04:03:04] 🔄 일일 정기 점검 (강제 실행). 업데이트 프로세스 시작.
[2026-02-06 04:03:04] 💾 로컬 데이터 백업 완료.
[2026-02-06 04:03:04] ✅ 일일 정기 점검 (강제 실행) 완료.
[2026-02-07 04:03:03] 🔄 일일 정기 점검 (강제 실행). 업데이트 프로세스 시작.
[2026-02-07 04:03:03] 💾 로컬 데이터 백업 완료.
[2026-02-07 04:03:03] ✅ 일일 정기 점검 (강제 실행) 완료.
[2026-02-08 04:03:03] 🔄 일일 정기 점검 (강제 실행). 업데이트 프로세스 시작.
[2026-02-08 04:03:03] 💾 로컬 데이터 백업 완료.
[2026-02-08 04:03:03] ✅ 일일 정기 점검 (강제 실행) 완료.
[2026-02-09 04:03:03] 🔄 일일 정기 점검 (강제 실행). 업데이트 프로세스 시작.
[2026-02-09 04:03:03] 💾 로컬 데이터 백업 완료.
[2026-02-09 04:03:03] ✅ 일일 정기 점검 (강제 실행) 완료.
[2026-02-10 04:03:03] 🔄 일일 정기 점검 (강제 실행). 업데이트 프로세스 시작.
[2026-02-10 04:03:03] 💾 로컬 데이터 백업 완료.
[2026-02-10 04:03:03] ✅ 일일 정기 점검 (강제 실행) 완료.
[2026-02-11 04:03:03] 🔄 일일 정기 점검 (강제 실행). 업데이트 프로세스 시작.
[2026-02-11 04:03:03] 💾 로컬 데이터 백업 완료.
[2026-02-11 04:03:03] ✅ 일일 정기 점검 (강제 실행) 완료.
[2026-02-12 04:03:03] 🔄 일일 정기 점검 (강제 실행). 업데이트 프로세스 시작.
[2026-02-12 04:03:03] 💾 로컬 데이터 백업 완료.
[2026-02-12 04:03:03] ✅ 일일 정기 점검 (강제 실행) 완료.
[2026-02-13 04:03:03] 🔄 일일 정기 점검 (강제 실행). 업데이트 프로세스 시작.
[2026-02-13 04:03:03] 💾 로컬 데이터 백업 완료.
[2026-02-13 04:03:03] ✅ 일일 정기 점검 (강제 실행) 완료.
[2026-02-14 04:03:03] 🔄 일일 정기 점검 (강제 실행). 업데이트 프로세스 시작.
[2026-02-14 04:03:03] 💾 로컬 데이터 백업 완료.
[2026-02-14 04:03:03] ✅ 일일 정기 점검 (강제 실행) 완료.
[2026-02-15 04:03:03] 🔄 일일 정기 점검 (강제 실행). 업데이트 프로세스 시작.
[2026-02-15 04:03:03] 💾 로컬 데이터 백업 완료.
[2026-02-15 04:03:03] ✅ 일일 정기 점검 (강제 실행) 완료.
[2026-02-16 04:03:04] 🔄 일일 정기 점검 (강제 실행). 업데이트 프로세스 시작.
[2026-02-16 04:03:04] 💾 로컬 데이터 백업 완료.
[2026-02-16 04:03:04] ✅ 일일 정기 점검 (강제 실행) 완료.
[2026-02-17 04:03:04] 🔄 일일 정기 점검 (강제 실행). 업데이트 프로세스 시작.
[2026-02-17 04:03:04] 💾 로컬 데이터 백업 완료.
[2026-02-17 04:03:04] ✅ 일일 정기 점검 (강제 실행) 완료.
[2026-02-18 04:03:03] 🔄 일일 정기 점검 (강제 실행). 업데이트 프로세스 시작.
[2026-02-18 04:03:03] 💾 로컬 데이터 백업 완료.
[2026-02-18 04:03:03] ✅ 일일 정기 점검 (강제 실행) 완료.
[2026-02-19 04:03:03] 🔄 일일 정기 점검 (강제 실행). 업데이트 프로세스 시작.
[2026-02-19 04:03:03] 💾 로컬 데이터 백업 완료.
[2026-02-19 04:03:03] ✅ 일일 정기 점검 (강제 실행) 완료.
[2026-02-20 04:03:03] 🔄 일일 정기 점검 (강제 실행). 업데이트 프로세스 시작.
[2026-02-20 04:03:03] 💾 로컬 데이터 백업 완료.
[2026-02-20 04:03:03] ✅ 일일 정기 점검 (강제 실행) 완료.
[2026-02-21 04:03:03] 🔄 일일 정기 점검 (강제 실행). 업데이트 프로세스 시작.
[2026-02-21 04:03:03] 💾 로컬 데이터 백업 완료.
[2026-02-21 04:03:03] ✅ 일일 정기 점검 (강제 실행) 완료.
[2026-02-21 19:15:03] 🔄 깃허브 변경 사항 감지. 업데이트 프로세스 시작.
[2026-02-21 19:15:03] 💾 로컬 데이터 백업 완료.
[2026-02-21 19:15:03] ✅ 깃허브 변경 사항 감지 완료.
